<?xml version="1.0" encoding="UTF-8"?>
<coverage generated="1499394924">
  <project timestamp="1499394924">
    <package name="Monolog\Handler">
      <file name="/Users/raul/Projects/monolog-nats/src/Monolog/Handler/NatsHandler.php">
        <class name="NatsHandler" namespace="Monolog\Handler" fullPackage="MonologNats" package="MonologNats">
          <metrics complexity="2" methods="2" coveredmethods="1" conditionals="0" coveredconditionals="0" statements="6" coveredstatements="3" elements="8" coveredelements="4"/>
        </class>
        <line num="30" type="method" name="__construct" visibility="public" complexity="1" crap="1" count="1"/>
        <line num="32" type="stmt" count="1"/>
        <line num="34" type="stmt" count="1"/>
        <line num="35" type="stmt" count="1"/>
        <line num="43" type="method" name="write" visibility="protected" complexity="1" crap="2" count="0"/>
        <line num="45" type="stmt" count="0"/>
        <line num="46" type="stmt" count="0"/>
        <line num="47" type="stmt" count="0"/>
        <metrics loc="48" ncloc="25" classes="1" methods="2" coveredmethods="1" conditionals="0" coveredconditionals="0" statements="6" coveredstatements="3" elements="8" coveredelements="4"/>
      </file>
    </package>
    <metrics files="1" loc="48" ncloc="25" classes="1" methods="2" coveredmethods="1" conditionals="0" coveredconditionals="0" statements="6" coveredstatements="3" elements="8" coveredelements="4"/>
  </project>
</coverage>
